<?xml version="1.0" encoding="UTF-8"?>
<!-- Generated by org.testng.reporters.JUnitReportReporter -->
<testsuite hostname="SSPL-LPTP-374" failures="0" tests="2" name="authtestcases.oAuthTest" time="0.364" errors="0" timestamp="2025-05-09T15:52:30 IST" skipped="0">
  <testcase classname="authtestcases.oAuthTest" name="getCourseValidation" time="0.187"/>
  <testcase classname="authtestcases.oAuthTest" name="postHtml" time="0.177"/>
</testsuite> <!-- authtestcases.oAuthTest -->
