<?xml version="1.0" encoding="UTF-8"?>
<!-- Generated by org.testng.reporters.JUnitReportReporter -->
<testsuite hostname="SSPL-LPTP-374" failures="0" tests="1" name="academiatestcases.TC02ProgramTestCases" time="3.469" errors="0" timestamp="2025-05-14T18:13:44 IST" skipped="0">
  <testcase classname="academiatestcases.TC02ProgramTestCases" name="setup" time="3.469"/>
</testsuite> <!-- academiatestcases.TC02ProgramTestCases -->
