<?xml version="1.0" encoding="UTF-8"?>
<!-- Generated by org.testng.reporters.JUnitReportReporter -->
<testsuite hostname="SSPL-LPTP-374" failures="0" tests="1" name="TestCases.GoogleAPIUpdateValidations" time="1.842" errors="0" timestamp="2025-04-29T16:32:35 IST" skipped="0">
  <testcase classname="TestCases.GoogleAPIUpdateValidations" name="validateAPITestOne" time="1.842"/>
</testsuite> <!-- TestCases.GoogleAPIUpdateValidations -->
