<?xml version="1.0" encoding="UTF-8"?>
<!-- Generated by org.testng.reporters.JUnitReportReporter -->
<testsuite hostname="SSPL-LPTP-374" failures="0" tests="3" name="testcaseslibrary.AddBookPostAPIDataProvider" time="2.150" errors="0" timestamp="2025-05-09T15:59:39 IST" skipped="0">
  <testcase classname="testcaseslibrary.AddBookPostAPIDataProvider" name="addbook" time="0.118"/>
  <testcase classname="testcaseslibrary.AddBookPostAPIDataProvider" name="addbook" time="1.747"/>
  <testcase classname="testcaseslibrary.AddBookPostAPIDataProvider" name="getCreatedLibraryBookValidation" time="0.285"/>
</testsuite> <!-- testcaseslibrary.AddBookPostAPIDataProvider -->
