<?xml version="1.0" encoding="UTF-8"?>
<!-- Generated by org.testng.reporters.JUnitReportReporter -->
<testsuite hostname="SSPL-LPTP-374" failures="0" tests="1" name="TestCases.GoogleAPIPostValidations" time="1.802" errors="0" timestamp="2025-05-01T13:12:41 IST" skipped="0">
  <testcase classname="TestCases.GoogleAPIPostValidations" name="validateAPITestOne" time="1.802"/>
</testsuite> <!-- TestCases.GoogleAPIPostValidations -->
