<?xml version="1.0" encoding="UTF-8"?>
<!-- Generated by org.testng.reporters.JUnitReportReporter -->
<testsuite hostname="SSPL-LPTP-374" failures="0" tests="1" name="librarytestcases.AddBookPostAPI" time="1.624" errors="0" timestamp="2025-05-01T13:23:11 IST" skipped="0">
  <testcase classname="librarytestcases.AddBookPostAPI" name="addbook" time="1.624"/>
</testsuite> <!-- librarytestcases.AddBookPostAPI -->
