<?xml version="1.0" encoding="UTF-8"?>
<!-- Generated by org.testng.reporters.JUnitReportReporter -->
<testsuite hostname="SSPL-LPTP-374" failures="0" tests="1" name="testlib.program.TC02SeachProgramAndParameterized" time="20.069" errors="0" timestamp="2025-05-15T18:14:01 IST" skipped="0">
  <testcase classname="testlib.program.TC02SeachProgramAndParameterized" name="searchProgram" time="20.069"/>
</testsuite> <!-- testlib.program.TC02SeachProgramAndParameterized -->
