<?xml version="1.0" encoding="UTF-8"?>
<!-- Generated by org.testng.reporters.JUnitReportReporter -->
<testsuite hostname="SSPL-LPTP-384" failures="0" tests="6" name="testlib.admissions.TC01CreateandApplication" time="4.580" errors="0" timestamp="2025-05-16T18:26:11 IST" skipped="0">
  <testcase classname="testlib.admissions.TC01CreateandApplication" name="ValidateApplicationData" time="0.170"/>
  <testcase classname="testlib.admissions.TC01CreateandApplication" name="ApproveApplicationForm" time="0.445"/>
  <testcase classname="testlib.admissions.TC01CreateandApplication" name="GenerateApplicationId" time="0.711"/>
  <testcase classname="testlib.admissions.TC01CreateandApplication" name="creatNewApplication" time="0.824"/>
  <testcase classname="testlib.admissions.TC01CreateandApplication" name="ValidateApplicationStatus" time="2.004"/>
  <testcase classname="testlib.admissions.TC01CreateandApplication" name="SubmitApplicationForm" time="0.426"/>
</testsuite> <!-- testlib.admissions.TC01CreateandApplication -->
