<?xml version="1.0" encoding="UTF-8"?>
<!-- Generated by org.testng.reporters.JUnitReportReporter -->
<testsuite hostname="SSPL-LPTP-374" failures="0" tests="1" name="mapsapitestcases.GoogleAPIPostValidationUsingJsonFiles" time="1.836" errors="0" timestamp="2025-05-01T16:34:12 IST" skipped="0">
  <testcase classname="mapsapitestcases.GoogleAPIPostValidationUsingJsonFiles" name="validateAPITestOne" time="1.836"/>
</testsuite> <!-- mapsapitestcases.GoogleAPIPostValidationUsingJsonFiles -->
