<?xml version="1.0" encoding="UTF-8"?>
<!-- Generated by org.testng.reporters.JUnitReportReporter -->
<testsuite hostname="SSPL-LPTP-374" failures="0" tests="1" name="testcasesgooglemap.GoogleAPIPostValidationUsingJsonFiles" time="0.135" errors="0" timestamp="2025-05-09T15:52:30 IST" skipped="0">
  <testcase classname="testcasesgooglemap.GoogleAPIPostValidationUsingJsonFiles" name="validateAPITestOne" time="0.135"/>
</testsuite> <!-- testcasesgooglemap.GoogleAPIPostValidationUsingJsonFiles -->
