<?xml version="1.0" encoding="UTF-8"?>
<!-- Generated by org.testng.reporters.JUnitReportReporter -->
<testsuite hostname="SSPL-LPTP-374" failures="0" tests="1" name="testcasesgooglemap.GoogleAPIPostValidations" time="0.505" errors="0" timestamp="2025-05-09T15:59:39 IST" skipped="0">
  <testcase classname="testcasesgooglemap.GoogleAPIPostValidations" name="validateAPITestOne" time="0.505"/>
</testsuite> <!-- testcasesgooglemap.GoogleAPIPostValidations -->
