<?xml version="1.0" encoding="UTF-8"?>
<!-- Generated by org.testng.reporters.JUnitReportReporter -->
<testsuite hostname="SSPL-LPTP-374" failures="0" tests="1" name="TestCases.BasicAPI" time="2.022" errors="0" timestamp="2025-04-24T14:25:50 IST" skipped="0">
  <testcase classname="TestCases.BasicAPI" name="validateAPITestOne" time="2.022"/>
</testsuite> <!-- TestCases.BasicAPI -->
