<?xml version="1.0" encoding="UTF-8"?>
<!-- Generated by org.testng.reporters.JUnitReportReporter -->
<testsuite hostname="SSPL-LPTP-374" failures="0" tests="2" name="testlib.admissions.TC01Login" time="7.892" errors="0" timestamp="2025-05-15T18:14:01 IST" skipped="0">
  <testcase classname="testlib.admissions.TC01Login" name="validateLogin" time="0.001"/>
  <testcase classname="testlib.admissions.TC01Login" name="validateLogin" time="7.891"/>
</testsuite> <!-- testlib.admissions.TC01Login -->
