<?xml version="1.0" encoding="UTF-8"?>
<!-- Generated by org.testng.reporters.JUnitReportReporter -->
<testsuite hostname="SSPL-LPTP-384" failures="0" tests="6" name="testlib.admissions.TC01CreateandApproveApplication" time="4.900" errors="0" timestamp="2025-05-16T13:14:18 IST" skipped="0">
  <testcase classname="testlib.admissions.TC01CreateandApproveApplication" name="ValidateApplicationData" time="0.169"/>
  <testcase classname="testlib.admissions.TC01CreateandApproveApplication" name="ValidateApplicationStatus" time="1.985"/>
  <testcase classname="testlib.admissions.TC01CreateandApproveApplication" name="ApproveApplicationForm" time="0.508"/>
  <testcase classname="testlib.admissions.TC01CreateandApproveApplication" name="GenerateApplicationId" time="0.843"/>
  <testcase classname="testlib.admissions.TC01CreateandApproveApplication" name="creatNewApplication" time="0.857"/>
  <testcase classname="testlib.admissions.TC01CreateandApproveApplication" name="SubmitApplicationForm" time="0.538"/>
</testsuite> <!-- testlib.admissions.TC01CreateandApproveApplication -->
