<?xml version="1.0" encoding="UTF-8"?>
<!-- Generated by org.testng.reporters.JUnitReportReporter -->
<testsuite hostname="SSPL-LPTP-374" failures="0" tests="1" name="mapsapitestcases.GoogleAPIPostValidations" time="1.836" errors="0" timestamp="2025-05-01T16:36:33 IST" skipped="0">
  <testcase classname="mapsapitestcases.GoogleAPIPostValidations" name="validateAPITestOne" time="1.836"/>
</testsuite> <!-- mapsapitestcases.GoogleAPIPostValidations -->
