<?xml version="1.0" encoding="UTF-8"?>
<!-- Generated by org.testng.reporters.JUnitReportReporter -->
<testsuite hostname="SSPL-LPTP-374" failures="0" tests="1" name="testcasesgooglemap.GoogleAPIUpdateValidations" time="1.924" errors="0" timestamp="2025-05-09T15:51:43 IST" skipped="0">
  <testcase classname="testcasesgooglemap.GoogleAPIUpdateValidations" name="validateAPITestOne" time="1.924"/>
</testsuite> <!-- testcasesgooglemap.GoogleAPIUpdateValidations -->
