<?xml version="1.0" encoding="UTF-8"?>
<!-- Generated by org.testng.reporters.JUnitReportReporter -->
<testsuite hostname="SSPL-LPTP-374" failures="0" tests="7" name="testlib.program.TC01ProgramTestCases" time="3.835" errors="0" timestamp="2025-05-15T18:14:01 IST" skipped="0">
  <testcase classname="testlib.program.TC01ProgramTestCases" name="creatNewProgram" time="0.530"/>
  <testcase classname="testlib.program.TC01ProgramTestCases" name="creatPeriod" time="0.280"/>
  <testcase classname="testlib.program.TC01ProgramTestCases" name="creatNewProgramBatch" time="0.306"/>
  <testcase classname="testlib.program.TC01ProgramTestCases" name="creatSeatcType" time="0.203"/>
  <testcase classname="testlib.program.TC01ProgramTestCases" name="courseCreationwithBatch" time="0.192"/>
  <testcase classname="testlib.program.TC01ProgramTestCases" name="programSearch" time="0.733"/>
  <testcase classname="testlib.program.TC01ProgramTestCases" name="creatNewCourse" time="1.591"/>
</testsuite> <!-- testlib.program.TC01ProgramTestCases -->
