<?xml version="1.0" encoding="UTF-8"?>
<!-- Generated by org.testng.reporters.JUnitReportReporter -->
<testsuite hostname="SSPL-LPTP-374" failures="0" tests="3" name="librarytestcases.AddBookPostAPIDataProvider" time="2.182" errors="0" timestamp="2025-05-02T15:49:47 IST" skipped="0">
  <testcase classname="librarytestcases.AddBookPostAPIDataProvider" name="addbook" time="0.120"/>
  <testcase classname="librarytestcases.AddBookPostAPIDataProvider" name="addbook" time="1.820"/>
  <testcase classname="librarytestcases.AddBookPostAPIDataProvider" name="getCreatedLibraryBookValidation" time="0.242"/>
</testsuite> <!-- librarytestcases.AddBookPostAPIDataProvider -->
