<?xml version="1.0" encoding="UTF-8"?>
<!-- Generated by org.testng.reporters.JUnitReportReporter -->
<testsuite hostname="SSPL-LPTP-384" failures="0" tests="2" name="testlib.login.TC01Login" time="8.129" errors="0" timestamp="2025-05-16T13:14:18 IST" skipped="0">
  <testcase classname="testlib.login.TC01Login" name="validateLogin" time="8.128"/>
  <testcase classname="testlib.login.TC01Login" name="validateLogin" time="0.001"/>
</testsuite> <!-- testlib.login.TC01Login -->
