<?xml version="1.0" encoding="UTF-8"?>
<!-- Generated by org.testng.reporters.JUnitReportReporter -->
<testsuite hostname="SSPL-LPTP-374" failures="0" tests="1" name="TestCases.GoogleAPIGetValidations" time="0.098" errors="0" timestamp="2025-05-01T13:12:41 IST" skipped="0">
  <testcase classname="TestCases.GoogleAPIGetValidations" name="getapivalidations" time="0.098"/>
</testsuite> <!-- TestCases.GoogleAPIGetValidations -->
