<?xml version="1.0" encoding="UTF-8"?>
<!-- Generated by org.testng.reporters.JUnitReportReporter -->
<testsuite hostname="SSPL-LPTP-374" failures="0" tests="2" name="testlib.admissions.TC01Login" time="0.012" errors="0" timestamp="2025-05-15T14:29:14 IST" skipped="0">
  <testcase classname="testlib.admissions.TC01Login" name="validateLogin" time="0.008"/>
  <testcase classname="testlib.admissions.TC01Login" name="validateLogin" time="0.004"/>
</testsuite> <!-- testlib.admissions.TC01Login -->
