<?xml version="1.0" encoding="UTF-8"?>
<!-- Generated by org.testng.reporters.JUnitReportReporter -->
<testsuite hostname="SSPL-LPTP-384" failures="0" tests="2" name="testlib.login.TC01Login" time="8.112" errors="0" timestamp="2025-05-16T18:26:11 IST" skipped="0">
  <testcase classname="testlib.login.TC01Login" name="validateLogin" time="8.111"/>
  <testcase classname="testlib.login.TC01Login" name="validateLogin" time="0.001"/>
</testsuite> <!-- testlib.login.TC01Login -->
