<?xml version="1.0" encoding="UTF-8"?>
<!-- Generated by org.testng.reporters.JUnitReportReporter -->
<testsuite hostname="SSPL-LPTP-374" failures="0" tests="1" name="authtestcases.CreateBugInJIRAandAddScreenShot" time="5.634" errors="0" timestamp="2025-05-12T12:10:06 IST" skipped="0">
  <testcase classname="authtestcases.CreateBugInJIRAandAddScreenShot" name="CreateBugInJIRAandAddScreenShottotheBug" time="5.634"/>
</testsuite> <!-- authtestcases.CreateBugInJIRAandAddScreenShot -->
