<?xml version="1.0" encoding="UTF-8"?>
<!-- Generated by org.testng.reporters.JUnitReportReporter -->
<testsuite hostname="SSPL-LPTP-374" failures="0" tests="1" name="testcasesgooglemap.GoogleAPIGetValidations" time="1.314" errors="0" timestamp="2025-05-09T15:52:30 IST" skipped="0">
  <testcase classname="testcasesgooglemap.GoogleAPIGetValidations" name="getapivalidations" time="1.314"/>
</testsuite> <!-- testcasesgooglemap.GoogleAPIGetValidations -->
