<?xml version="1.0" encoding="UTF-8"?>
<!-- Generated by org.testng.reporters.JUnitReportReporter -->
<testsuite hostname="SSPL-LPTP-384" failures="0" tests="2" name="testlib.admissions.TC02ApproveApplication" time="168.218" errors="0" timestamp="2025-05-16T18:26:11 IST" skipped="0">
  <testcase classname="testlib.admissions.TC02ApproveApplication" name="selectionStage" time="116.323"/>
  <testcase classname="testlib.admissions.TC02ApproveApplication" name="searchApplicationId" time="51.895"/>
</testsuite> <!-- testlib.admissions.TC02ApproveApplication -->
